C251 COMPILER V5.60.0,  main                                                               07/10/23  14:21:18  PAGE 1   


C251 COMPILER V5.60.0, COMPILATION OF MODULE main
OBJECT MODULE PLACED IN .\Out_File\main.obj
COMPILER INVOKED BY: C:\Program Files\keil-5\C251\BIN\C251.EXE ..\USER\src\main.c XSMALL INTR2 WARNINGLEVEL(3) OPTIMIZE(
                    -0,SPEED) BROWSE INCDIR(..\..\Libraries\libraries;..\..\Libraries\seekfree_libraries;..\..\Libraries\seekfree_peripheral;
                    -..\CODE;..\USER\inc;..\USER\src) DEBUG PRINT(.\Out_File\main.lst) TABS(2) OBJECT(.\Out_File\main.obj) 

stmt  level    source

    1          /********************************************************************************************************
             -*************
    2           * COPYRIGHT NOTICE
    3           * Copyright (c) 2020,逐飞科技
    4           * All rights reserved.
    5           * 技术讨论QQ群：一群：179029047(已满)  二群：244861897(已满)  三群：824575535
    6           *
    7           * 以下所有内容版权均属逐飞科技所有，未经允许不得用于商业用途，
    8           * 欢迎各位使用并传播本程序，修改内容时必须保留逐飞科技的版权声明。
    9           *
   10           * @file          main
   11           * @company       成都逐飞科技有限公司
   12           * @author        逐飞科技(QQ790875685)
   13           * @version       查看doc内version文件 版本说明
   14           * @Software    MDK FOR C251 V5.60
   15           * @Target core   STC32G12K128
   16           * @Taobao      https://seekfree.taobao.com/
   17           * @date          2020-12-18
   18           ********************************************************************************************************
             -************/
   19          
   20          #include "headfile.h"
   21          #include "motor.h"
   22          #include "pid.h"
   23          #include "steer.h"
   24          #include "allinit.h"
   25          #include "pidcc.h" 
   26          
   27          /*
   28           * 系统频率，可查看board.h中的 FOSC 宏定义修改。
   29           * board.h文件中FOSC的值设置为0,则程序自动设置系统频率为33.1776MHZ
   30           * 在board_init中,已经将P54引脚设置为复位
   31           * 如果需要使用P54引脚,可以在board.c文件中的board_init()函数中删除SET_P54_RESRT即可
   32           */
   33          extern int adc_left_mid;
   34          extern int adc_right_mid;
   35          extern int adc_mid;
   36          int protect_motor=1;
   37          extern uint16 right_speed_in ;
   38          extern uint16 left_speed_in ;
   39          extern float setpoint_left;
   40          extern float setpoint_right;
   41          void main()
   42          {
   43   1        board_init();     // 初始化寄存器,勿删除此句代码。
   44   1        
   45   1        // 此处编写用户代码(例如：外设初始化代码等)
   46   1        ips114_init();      //初始化1.1.4寸ips屏幕
   47   1        motor_init();
   48   1        steer_init();    
   49   1        adc_init(ADC_P01,ADC_SYSclk_DIV_2);
   50   1        adc_init(ADC_P00,ADC_SYSclk_DIV_2);
   51   1        adc_init(ADC_P05,ADC_SYSclk_DIV_2);
   52   1        //ctimer_count_init(CTIM0_P34);
   53   1        //ctimer_count_init(CTIM3_P04);
   54   1        pit_timer_ms(TIM_0,10);  //中断开启
   55   1        //PWMSetSteer(2050);
C251 COMPILER V5.60.0,  main                                                               07/10/23  14:21:18  PAGE 2   

   56   1          while(1)
   57   1        {
   58   2          
   59   2          ips114_clear(WHITE);  
   60   2          ips114_showuint16(0,0,adc_left_mid);
   61   2          ips114_showuint16(0,2,adc_right_mid);
   62   2          ips114_showuint16(0,4,adc_mid);
   63   2          //ips114_showuint16(0,0,(uint16)left_speed_in);
   64   2          //ips114_showuint16(0,2,(uint16)right_speed_in);
   65   2          
   66   2        //  ips114_showuint16(0,4,topid_steer->Kd_output_val);
   67   2          //ips114_showuint16(0,0,1);
   68   2          //ips114_showuint16(0,2,2);
   69   2          //delay_ms(1000);
   70   2          if(protect_motor){
   71   3          PWMSetMotor2(setpoint_left,setpoint_right);}
   72   2          else{PWMSetMotor2(0,0);}
   73   2          
   74   2        }
   75   1      }
   76          
   77          


Module Information          Static   Overlayable
------------------------------------------------
  code size            =       137     ------
  ecode size           =    ------     ------
  data size            =    ------     ------
  idata size           =    ------     ------
  pdata size           =    ------     ------
  xdata size           =    ------     ------
  xdata-const size     =    ------     ------
  edata size           =         2     ------
  bit size             =    ------     ------
  ebit size            =    ------     ------
  bitaddressable size  =    ------     ------
  ebitaddressable size =    ------     ------
  far data size        =    ------     ------
  huge data size       =    ------     ------
  const size           =    ------     ------
  hconst size          =         6     ------
End of Module Information.


C251 COMPILATION COMPLETE.  0 WARNING(S),  0 ERROR(S)
