C251 COMPILER V5.60.0,  motor                                                              06/10/23  15:08:55  PAGE 1   


C251 COMPILER V5.60.0, COMPILATION OF MODULE motor
OBJECT MODULE PLACED IN .\Out_File\motor.obj
COMPILER INVOKED BY: D:\keil251\C251\BIN\C251.EXE ..\USER\src\motor.c XSMALL INTR2 WARNINGLEVEL(3) OPTIMIZE(0,SPEED) BRO
                    -WSE INCDIR(..\USER\src;..\..\Libraries\libraries;..\..\Libraries\seekfree_libraries;..\..\Libraries\seekfree_peripheral;
                    -..\CODE;..\USER\inc;..\USER\src) DEBUG PRINT(.\Out_File\motor.lst) TABS(2) OBJECT(.\Out_File\motor.obj) 

stmt  level    source

    1          #include "motor.h"
    2          #include "zf_pwm.h"
    3          #include "common.h"
    4          #include "zf_delay.h"
    5          #include "pidcc.h"
    6          /********************************************************************
    7          ** єЇКэГыіЖ: void motor_init() 
    8          ** №¦ДЬГиКц: ЙиЦГ¶ж»ъЧЄПт
    9          ** ИлїЪЈєЅЗ¶ИЦµ
   10          ** іцїЪЈє
   11          ** ЛµГч:  
   12          *********************************************************************/
   13          void motor_init()         
   14          {    
   15   1          //іхКј»ЇFTM2_CH0КдіцЖµВКОЄ100HZ,ХјїХ±wИОЄ13%µДPWM ЈєFTM2_CH0¶ФУ¦PTA10їЪ
   16   1          pwm_init( MOTOR_FTMCH0 ,MOTOR_FREQ, MOTOR_INIT_VAL); 
   17   1          pwm_init( MOTOR_FTMCH1 ,MOTOR_FREQ, MOTOR_INIT_VAL); //MOTOR_FREQ
   18   1      //#if MOTOR_DOUBLE
   19   1          pwm_init( MOTOR_FTMCH2 ,MOTOR_FREQ, MOTOR_INIT_VAL); // MOTOR_INIT_VAL
   20   1          pwm_init( MOTOR_FTMCH3 ,MOTOR_FREQ, MOTOR_INIT_VAL); 
   21   1      //#endif
   22   1      }
   23          //#if !MOTOR_DOUBLE
   24          /********************************************************************
   25          ** єЇКэГыіЖ: PWMSetMotor
   26          ** №¦ДЬГиКц: ЙиЦГЛЩ¶И
   27          ** ИлїЪЈєЛЩ¶И
   28          ** іцїЪЈє
   29          ** ЛµГч:  
   30          *********************************************************************/
   31          /*void PWMSetMotor(uint16 speed_pwm)         
   32          {
   33              if(speed_pwm < MOTOR_MIN)
   34              {
   35                speed_pwm = MOTOR_MIN;
   36              }
   37              if(speed_pwm > MOTOR_MAX)
   38              {
   39                speed_pwm = MOTOR_MAX;
   40              }
   41              
   42              if(speed_pwm > 0) 
   43              {
   44                  pwm_duty(MOTOR_FTMCH0, (uint32)speed_pwm);
   45                  pwm_duty(MOTOR_FTMCH1, 0);
   46              } 
   47              else 
   48              {
   49                 speed_pwm = -speed_pwm;
   50                 pwm_duty(MOTOR_FTMCH1, (uint32)speed_pwm);
   51                  pwm_duty(MOTOR_FTMCH0, 0);
   52              }
   53          }*/
   54          
   55          /********************************************************************
   56          ** єЇКэГыіЖ: motorCtrl
   57          ** №¦ДЬГиКц: ЛЩ¶ИїШЦЖЛг·Ё
C251 COMPILER V5.60.0,  motor                                                              06/10/23  15:08:55  PAGE 2   

   58          ** ИлїЪЈє
   59          ** іцїЪЈє
   60          ** ЛµГч:  
   61          *********************************************************************/
   62          /*void motorCtrl()
   63          {
   64              /***
   65            s32 speed_pwm;
   66              
   67              speed_pwm = 0;    //ИҐіэwarning
   68              
   69              //ЧФјєµДЛЩ¶ИїШЦЖЛг·Ё
   70              
   71              
   72              
   73              PWMSetMotor(speed_pwm);
   74            ***/
   75          //}*/
   76          
   77          //#endif
   78          
   79          
   80          //#if MOTOR_DOUBLE
   81          /********************************************************************
   82          ** єЇКэГыіЖ: PWMSetMotor
   83          ** №¦ДЬГиКц: ЙиЦГЛЩ¶И
   84          ** ИлїЪЈєЧуУТЛЩ¶И
   85          ** іцїЪЈє
   86          ** ЛµГч:  
   87          *********************************************************************/
   88          void PWMSetMotor2(int16 speed_pwmL,int16 speed_pwmR)         
   89          {
   90   1          if(speed_pwmL < MOTOR_MIN)
   91   1          {
   92   2            speed_pwmL = MOTOR_MIN;
   93   2          }
   94   1          if(speed_pwmL > MOTOR_MAX)
   95   1          {
   96   2            speed_pwmL = MOTOR_MAX;
   97   2          }
   98   1          
   99   1          if(speed_pwmR < MOTOR_MIN)
  100   1          {
  101   2            speed_pwmR = MOTOR_MIN;
  102   2          }
  103   1          if(speed_pwmR > MOTOR_MAX)
  104   1          {
  105   2            speed_pwmR = MOTOR_MAX;
  106   2          }
  107   1          
  108   1          if(speed_pwmL > 0) 
  109   1          {
  110   2              pwm_duty(MOTOR_FTMCH0, (uint32)speed_pwmL);
  111   2              pwm_duty(MOTOR_FTMCH1,100);
  112   2          } 
  113   1          else 
  114   1          {
  115   2             speed_pwmL = -speed_pwmL;
  116   2             
  117   2              
  118   2              
  119   2              pwm_duty(MOTOR_FTMCH0, (uint32)speed_pwmL);
  120   2              pwm_duty(MOTOR_FTMCH1, 0);
  121   2          }
  122   1          
  123   1          if(speed_pwmR > 0) 
C251 COMPILER V5.60.0,  motor                                                              06/10/23  15:08:55  PAGE 3   

  124   1          {
  125   2              
  126   2             pwm_duty(MOTOR_FTMCH2, (uint32)speed_pwmR);
  127   2             pwm_duty(MOTOR_FTMCH3, 100);
  128   2          } 
  129   1          else 
  130   1          {
  131   2             speed_pwmR = -speed_pwmR;
  132   2             pwm_duty(MOTOR_FTMCH2, (uint32)speed_pwmR);
  133   2             pwm_duty(MOTOR_FTMCH3,0);
  134   2          }
  135   1      }
  136          
  137          /********************************************************************
  138          ** єЇКэГыіЖ: motorCtrl
  139          ** №¦ДЬГиКц: ЛЩ¶ИїШЦЖЛг·Ё
  140          ** ИлїЪЈє
  141          ** іцїЪЈє
  142          ** ЛµГч:  
  143          *********************************************************************/
  144          void motorCtrl()
  145          {
  146   1        
  147   1          /*s32 speed_pwm;
  148   1          
  149   1          speed_pwm = 0;    //ИҐіэwarning
  150   1          
  151   1          //ЧФјєµДЛЩ¶ИїШЦЖЛг·Ё
  152   1          
  153   1          
  154   1          
  155   1          PWMSetMotor2(speed_pwm,speed_pwm);
  156   1        */
  157   1      }
  158          extern protect_motor;
  159          extern adc_left_mid;
  160          extern adc_right_mid;
  161          
  162          void protect(void){
  163   1        if(adc_left_mid<30 && adc_right_mid<30){
  164   2                   protect_motor=0;}
  165   1      }
  166          //#endif
  167          
  168          
  169          


Module Information          Static   Overlayable
------------------------------------------------
  code size            =       342     ------
  ecode size           =    ------     ------
  data size            =    ------     ------
  idata size           =    ------     ------
  pdata size           =    ------     ------
  xdata size           =    ------     ------
  xdata-const size     =    ------     ------
  edata size           =         4     ------
  bit size             =    ------     ------
  ebit size            =    ------     ------
  bitaddressable size  =    ------     ------
  ebitaddressable size =    ------     ------
  far data size        =    ------     ------
  huge data size       =    ------     ------
  const size           =    ------     ------
  hconst size          =    ------     ------
End of Module Information.

C251 COMPILER V5.60.0,  motor                                                              06/10/23  15:08:55  PAGE 4   


C251 COMPILATION COMPLETE.  0 WARNING(S),  0 ERROR(S)
