C251 COMPILER V5.60.0,  main                                                               07/10/23  15:37:23  PAGE 1   


C251 COMPILER V5.60.0, COMPILATION OF MODULE main
OBJECT MODULE PLACED IN .\Out_File\main.obj
COMPILER INVOKED BY: C:\Program Files\keil-5\C251\BIN\C251.EXE ..\USER\src\main.c XSMALL INTR2 WARNINGLEVEL(3) OPTIMIZE(
                    -0,SPEED) BROWSE INCDIR(..\..\Libraries\libraries;..\..\Libraries\seekfree_libraries;..\..\Libraries\seekfree_peripheral;
                    -..\CODE;..\USER\inc;..\USER\src) DEBUG PRINT(.\Out_File\main.lst) TABS(2) OBJECT(.\Out_File\main.obj) 

stmt  level    source

    1          /********************************************************************************************************
             -*************
    2           * COPYRIGHT NOTICE
    3           * Copyright (c) 2020,逐飞科技
    4           * All rights reserved.
    5           * 技术讨论QQ群：一群：179029047(已满)  二群：244861897(已满)  三群：824575535
    6           *
    7           * 以下所有内容版权均属逐飞科技所有，未经允许不得用于商业用途，
    8           * 欢迎各位使用并传播本程序，修改内容时必须保留逐飞科技的版权声明。
    9           *
   10           * @file          main
   11           * @company       成都逐飞科技有限公司
   12           * @author        逐飞科技(QQ790875685)
   13           * @version       查看doc内version文件 版本说明
   14           * @Software    MDK FOR C251 V5.60
   15           * @Target core   STC32G12K128
   16           * @Taobao      https://seekfree.taobao.com/
   17           * @date          2020-12-18
   18           ********************************************************************************************************
             -************/
   19          
   20          #include "headfile.h"
   21          #include "motor.h"
   22          #include "pid.h"
   23          #include "steer.h"
   24          #include "allinit.h"
   25          #include "pidcc.h" 
   26          
   27          /*
   28           * 系统频率，可查看board.h中的 FOSC 宏定义修改。
   29           * board.h文件中FOSC的值设置为0,则程序自动设置系统频率为33.1776MHZ
   30           * 在board_init中,已经将P54引脚设置为复位
   31           * 如果需要使用P54引脚,可以在board.c文件中的board_init()函数中删除SET_P54_RESRT即可
   32           */
   33          
   34          extern float adc_left_mid;
   35          extern float adc_right_mid;
   36          int protect_motor=1;
   37          
   38          void main()
   39          {
   40   1        board_init();     // 初始化寄存器,勿删除此句代码。
   41   1        
   42   1        // 此处编写用户代码(例如：外设初始化代码等)
   43   1        Timer_Init();
   44   1        all_init();
   45   1          while(1)
   46   1        {
   47   2          
   48   2          ips114_clear(WHITE);  
   49   2          //ips114_showuint16(0,0,adc_left_mid);
   50   2          //ips114_showuint16(0,2,adc_right_mid);
   51   2          ips114_showuint16(0,0,(uint16)toipid_speed_left->input_val);
   52   2          ips114_showuint16(0,2,(uint16)toipid_speed_right->input_val);
   53   2          
   54   2        //  ips114_showuint16(0,4,topid_steer->Kd_output_val);
   55   2          //ips114_showuint16(0,0,1);
C251 COMPILER V5.60.0,  main                                                               07/10/23  15:37:23  PAGE 2   

   56   2          //ips114_showuint16(0,2,2);
   57   2          //delay_ms(1000);
   58   2          if(protect_motor){
   59   3          PWMSetMotor2(1800,1800);}
   60   2          else{PWMSetMotor2(0,0);}
   61   2          
   62   2        }
   63   1      }
   64          
   65          


Module Information          Static   Overlayable
------------------------------------------------
  code size            =        87     ------
  ecode size           =    ------     ------
  data size            =    ------     ------
  idata size           =    ------     ------
  pdata size           =    ------     ------
  xdata size           =    ------     ------
  xdata-const size     =    ------     ------
  edata size           =         2     ------
  bit size             =    ------     ------
  ebit size            =    ------     ------
  bitaddressable size  =    ------     ------
  ebitaddressable size =    ------     ------
  far data size        =    ------     ------
  huge data size       =    ------     ------
  const size           =    ------     ------
  hconst size          =         6     ------
End of Module Information.


C251 COMPILATION COMPLETE.  0 WARNING(S),  0 ERROR(S)
