C251 COMPILER V5.60.0,  pidcc                                                              06/10/23  19:39:35  PAGE 1   


C251 COMPILER V5.60.0, COMPILATION OF MODULE pidcc
OBJECT MODULE PLACED IN .\Out_File\pidcc.obj
COMPILER INVOKED BY: C:\Program Files\keil-5\C251\BIN\C251.EXE ..\CODE\pidcc.c XSMALL INTR2 WARNINGLEVEL(3) OPTIMIZE(0,S
                    -PEED) BROWSE INCDIR(..\..\Libraries\libraries;..\..\Libraries\seekfree_libraries;..\..\Libraries\seekfree_peripheral;..\
                    -CODE;..\USER\inc;..\USER\src) DEBUG PRINT(.\Out_File\pidcc.lst) TABS(2) OBJECT(.\Out_File\pidcc.obj) 

stmt  level    source

    1          #include "pidcc.h"
    2          #include "common.h"
    3          #include "headfile.h"
    4          #include "motor.h"
    5          #include "steer.h"
    6          #include "encoder.h"
    7          
    8          #define LOC_INTEGRAL_START_ERR 200  /*»ý·Ö·ÖŔëĘ±¶ÔÓ¦µÄÎó˛î·¶Î§*/
    9          #define LOC_INTEGRAL_MAX_VAL 800   /*»ý·Ö·¶Î§ĎŢ¶¨Ł¬·ŔÖą»ý·Ö±ĄşÍ*/
   10          #define SPE_DEAD_ZONE   5.0f       /*ËŮ¶Č»·ËŔÇř*/
   11          
   12          // steer pid
   13          
   14          #define con 20             //adc×Ş»»łŁĘý           Ł¨żÉµ÷Ł©
   15          #define NORMAL_SPEED 1800  //Ö±µŔËŮ¶Č              Ł¨żÉµ÷Ł©
   16          #define STOP_SPEED 1500    //Ľě˛âµ˝ÍŁÖą±ęÖľĘ±µÄËŮ¶ČŁ¨żÉµ÷Ł©
   17          #define CIRCLE_SPEED 1600  //˝ř»·ËŮ¶Č              Ł¨żÉµ÷Ł©
   18          
   19          #define angle_left_pwm    1980     //×ó»·µş Čë»·¶ć»ú´ň˝Ç¶ÔÓ¦pwm                                          
             -      Ł¨żÉµ÷Ł©
   20          #define angle_right_pwm   1680     //ÓŇ»·µş Čë»·¶ć»ú´ň˝Ç¶ÔÓ¦pwm                                                Ł¨żÉµ÷Ł©
   21          #define incircle_delay_ms   20     //˛»ÓĂ±ŕÂëĆ÷ĽĆËăÂ·łĚµÄ»°Ł¬¸ĂÖµÎŞĽě˛âµ˝Ô¤˝ř»·±ęÖľşóŁ¬´ňąĚ¶¨˝ÇÖ®Ç°ŃÓĘ±µÄ
             -Ę±ł¤   (żÉµ÷)
   22          #define outcircle_delay_ms  20     //˛»ÓĂ±ŕÂëĆ÷ĽĆËăÂ·łĚµÄ»°Ł¬¸ĂÖµÎŞĽě˛âµ˝Ô¤łö»·±ęÖľşóŁ¬´ňąĚ¶¨˝ÇÖ®şóŃÓĘ±µÄ
             -Ę±ł¤   (żÉµ÷)
   23          
   24          #define incircle_threshold1  10    //Čë»·×î×óadcĽő×îÓŇadcĹĐ¶¨ăĐÖµ                                        
             -      Ł¨żÉµ÷Ł©
   25          #define incircle_threshold2  10    //Čë»·ÖĐĽäadcĹĐ¶¨ăĐÖµ                                                 
             -      Ł¨żÉµ÷Ł©
   26          //#define incircle_threshold3  10    //Čë»·adcĹĐ¶¨ăĐÖµ     ĐčŇŞĘ±żÉÔŮĽÓ
   27          #define outcircle_threshold1  10    //łö»·×î×óadcĽő×îÓŇadcĹĐ¶¨ăĐÖµ                                       
             -       Ł¨żÉµ÷Ł©
   28          #define outcircle_threshold2  10    //łö»·ÖĐĽäadcĹĐ¶¨ăĐÖµ                                                
             -       Ł¨żÉµ÷Ł©
   29          //#define outcircle_threshold3  10    //łö»·adcĹĐ¶¨ăĐÖµ     ĐčŇŞĘ±żÉÔŮĽÓ
   30          
   31          
   32          int speedflag=1;           //Ö±µŔˇ˘ÍŁÖąˇ˘˝ř»·ĹĐ¶Ď±ęÖľ
   33          PID pid_steer;
   34          iPID ipid_speed_left;
   35          iPID ipid_speed_right;
   36          toiPID toipid_speed_left=&ipid_speed_left;
   37          toiPID toipid_speed_right=&ipid_speed_right;
   38          
   39          float setpoint_left=1800.0; // setpoint_left -> left ×ó±ß±ę×ĽËŮ¶Č    setpoint_right -> right  ÓŇ±ß±ę×ĽËŮ¶
             -Č
   40          float setpoint_right=1800.0;
   41          int adc_left_edge,  adc_left_mid,  adc_mid,  adc_right_mid,  adc_right_edge;  //×î×óˇ˘ÖĐ×óˇ˘ÖĐˇ˘ÖĐÓŇˇ˘×îÓ
             -ŇadcµÄ¶ÁČˇĘýÖµŁ¨Ó¦ÉčÖĂÎŞČ«ľÖ±äÁżŁ©
   42          int status=1;                      //łöČë»·±ęÖľÎ»(»·µş±ęÖľÎ»)Ł¬Ľě˛âµ˝Ô¤Čë»·×´Ě¬şóŁ¬ÖµÎŞ0Ł¬·ńÔňÎŞ1,Ľ´Ň»°ăÇ
             -éżöĎÂÖµ¶ĽÎŞ1
   43          
   44          
   45          void PID_param_init()
   46          {
   47   1          /* ????????? */
C251 COMPILER V5.60.0,  pidcc                                                              06/10/23  19:39:35  PAGE 2   

   48   1          pid_steer.target_val =0;               
   49   1          pid_steer.output_val = 1880;
   50   1          pid_steer.err = 0.0;
   51   1          pid_steer.err_last = 0.0;
   52   1          pid_steer.integral = 0.0;
   53   1      
   54   1          pid_steer.Kp = 0.05;
   55   1          pid_steer.Ki = 0;
   56   1          pid_steer.Kd = 0;
   57   1          pid_steer.input_val=0;
   58   1          pid_steer.Kp_output_val=0;
   59   1          pid_steer.Ki_output_val=0;
   60   1          pid_steer.Kd_output_val=0;
   61   1          /* ????????? */
   62   1          ipid_speed_left.target_val=10.0;              
   63   1          ipid_speed_left.output_val=0.0;
   64   1          ipid_speed_left.err=0.0;
   65   1          ipid_speed_left.err_last=0.0;
   66   1        
   67   1          ipid_speed_left.Kp_output_val=0;
   68   1          ipid_speed_left.Ki_output_val=0;
   69   1          ipid_speed_left.Kd_output_val=0;
   70   1          
   71   1          ipid_speed_left.Kp = 80.0;
   72   1          ipid_speed_left.Ki = 2.0;
   73   1          ipid_speed_left.Kd = 100.0;
   74   1          ipid_speed_left.input_val=0;
   75   1          ipid_speed_left.integral=0.0;
   76   1          
   77   1          ipid_speed_right.target_val=10.0;              
   78   1          ipid_speed_right.output_val=0.0;
   79   1          ipid_speed_right.err=0.0;
   80   1          ipid_speed_right.err_last=0.0;
   81   1      
   82   1          ipid_speed_right.Kp_output_val=0;
   83   1          ipid_speed_right.Ki_output_val=0;
   84   1          ipid_speed_right.Kd_output_val=0;
   85   1          
   86   1          ipid_speed_right.integral=0.0;
   87   1      
   88   1          ipid_speed_right.Kp = 80.0;
   89   1          ipid_speed_right.Ki = 2.0;
   90   1          ipid_speed_right.Kd = 100.0;
   91   1          ipid_speed_right.input_val=0;
   92   1          
   93   1          
   94   1          ipid_speed_left.omin=4000;
   95   1          ipid_speed_left.omax=4000;
   96   1          ipid_speed_right.omin=4000;
   97   1          ipid_speed_right.omax=4000;
   98   1      }
   99          
  100          //**************************//
  101          //*****»·µşČë»·adcĽě˛â******//
  102          //**************************//
  103          int judge_circle_in(float adc_left_edge,float adc_right_edge,float adc_mid){
  104   1              if(adc_left_edge - adc_right_edge > incircle_threshold1 && adc_mid > incircle_threshold2)return 1
             -;
  105   1              else return 0;
  106   1      }//**************************//
  107          //*****»·µşłö»·adcĽě˛â******//
  108          //**************************//
  109          int judge_circle_out(float adc_left_edge,float adc_right_edge,float adc_mid){
  110   1              if(adc_left_edge - adc_right_edge > outcircle_threshold1 && adc_mid > outcircle_threshold2)return
             - 1;
  111   1              else return 0;
C251 COMPILER V5.60.0,  pidcc                                                              06/10/23  19:39:35  PAGE 3   

  112   1      }
  113          //***********************//
  114          //*****»·µşĽě˛âşŻĘý******//
  115          //***********************//
  116          //»·µşĽě˛â·ĹÖ÷şŻĘýŔď       ÍŁłµ±ęÖľÎ»µ˝Ę±şň·ĹÍâ˛żÖĐ¶Ď
  117          void judge_circle(){
  118   1          if(status  &&  judge_circle_in(adc_left_edge,adc_right_edge,adc_mid) ){
  119   2               status=0;
  120   2               delay_ms(incircle_delay_ms);     //Ö±µŔËŮ¶ČżěŁ¬łĺ˝ř»·µşŃÓĘ±ÉčÖĂĐčŇŞĐˇŇ»µă
  121   2               PWMSetSteer(angle_left_pwm);
  122   2               speedflag=2;
  123   2               
  124   2          }
  125   1          
  126   1          if(status == 0 && judge_circle_out(adc_left_mid,adc_right_mid,adc_mid) ){
  127   2               speedflag=1;
  128   2               PWMSetSteer(angle_left_pwm);
  129   2               delay_ms(outcircle_delay_ms);  
  130   2               status=1;  
  131   2          } 
  132   1      //    else if(judge_right(adc_right_edge,adc_right_mid,adc_mid)=1){
  133   1      //         circleflag=1;
  134   1      //         PWMSetSteer(angle_right_pwm);
  135   1      //         speedflag=2;
  136   1      //    }
  137   1      
  138   1      }
  139          
  140          //***************************//
  141          //*****adc˛ÉĽŻĽÓ¶ć»úpid******//
  142          //***************************//
  143          void pid_steers(){
  144   1        adc_left_mid=Filter(ADC_P01,ADC_12BIT);
  145   1        adc_right_mid=Filter(ADC_P00,ADC_12BIT);
  146   1        //adc_left_edge=Filter(ADC_P00,ADC_12BIT); //¸ÄÍ¨µŔ
  147   1        //adc_right_edge=Filter(ADC_P00,ADC_12BIT);//¸ÄÍ¨µŔ
  148   1        //adc_mid=Filter(ADC_P00,ADC_12BIT);       //¸ÄÍ¨µŔ
  149   1        ele_direction_control(&pid_steer,&ipid_speed_left,&ipid_speed_right,adc_left_mid,adc_right_mid);
  150   1      }
  151          
  152          void ele_direction_control(PID* topid_steer,iPID* toipid_speed_left,iPID* toipid_speed_right,float adc_le
             -ft_mid,float adc_right_mid)
  153          {
  154   1              //int i = H-21;
  155   1              //ADresult0 = 0;
  156   1              
  157   1              //for(;i>H-41;i--)
  158   1              //{
  159   1              // ADresult0 += Pick_table[i];     
  160   1              //}
  161   1              
  162   1              //ADresult1 = NUMPIX*10;
  163   1              // topid_steer->err = (int)(ADresult0-ADresult1)/20;
  164   1              topid_steer->err =(int)(adc_left_mid-adc_right_mid)/con;//ĽĆËă˛îÖµŁ¬×óĽőÓŇ
  165   1         
  166   1              //uart_printf(UART_0," topid_steer->err =  %d\n", topid_steer->err);
  167   1      
  168   1                             
  169   1              if(-35>topid_steer->err)//ÓŇĆ«ąý´ó
  170   1              {
  171   2                  topid_steer->Kp=5;
  172   2                  topid_steer->Kp_output_val=topid_steer->Kp* topid_steer->err;
  173   2                  if(speedflag == 1)
  174   2                  {
  175   3                      setpoint_left = NORMAL_SPEED+2.5*topid_steer->err;
  176   3                      setpoint_right = NORMAL_SPEED;
C251 COMPILER V5.60.0,  pidcc                                                              06/10/23  19:39:35  PAGE 4   

  177   3                  }
  178   2                  else if(speedflag == 2)
  179   2                  {
  180   3                      setpoint_left = CIRCLE_SPEED+2*topid_steer->err;
  181   3                      setpoint_right = CIRCLE_SPEED;
  182   3                  }
  183   2                  else if(speedflag == 5)
  184   2                  {
  185   3                    setpoint_right = STOP_SPEED;
  186   3                      setpoint_left = STOP_SPEED+1*topid_steer->err;
  187   3                  }
  188   2              }
  189   1              
  190   1              else if(-20>=topid_steer->err && topid_steer->err>=-35)//ÓŇĆ«˝Ď´ó
  191   1              {
  192   2                  topid_steer->Kp=6;
  193   2                  topid_steer->Kp_output_val=topid_steer->Kp*topid_steer->err;
  194   2                  if(speedflag == 1)
  195   2                  {
  196   3                    setpoint_left = NORMAL_SPEED+1*topid_steer->err;
  197   3                    setpoint_right = NORMAL_SPEED;
  198   3                  }
  199   2                  else if(speedflag == 2)
  200   2                  {
  201   3                      setpoint_left = CIRCLE_SPEED+1*topid_steer->err;
  202   3                      setpoint_right = CIRCLE_SPEED;
  203   3                  }
  204   2                  else if(speedflag == 5)
  205   2                  {
  206   3                    setpoint_right = STOP_SPEED;
  207   3                      setpoint_left = STOP_SPEED+1*topid_steer->err;
  208   3                  }
  209   2              }
  210   1              else if(-10>topid_steer->err && topid_steer->err>-20)//ÓŇĆ«˝ĎĐˇ
  211   1              {
  212   2                  topid_steer->Kp=2;
  213   2                  topid_steer->Kp_output_val=topid_steer->Kp*topid_steer->err;
  214   2                  if(speedflag == 1)
  215   2                  {
  216   3                    setpoint_left = NORMAL_SPEED+1*topid_steer->err;
  217   3                    setpoint_right = NORMAL_SPEED;
  218   3                  }
  219   2                  else if(speedflag == 2)
  220   2                  {
  221   3                      setpoint_left = CIRCLE_SPEED+1*topid_steer->err;
  222   3                      setpoint_right = CIRCLE_SPEED;
  223   3                  }
  224   2                  else if(speedflag == 5)
  225   2                  {
  226   3                    setpoint_right = STOP_SPEED;
  227   3                      setpoint_left = STOP_SPEED+1*topid_steer->err;
  228   3                  }
  229   2              } 
  230   1              else if(-10<=topid_steer->err && topid_steer->err<0)//»ů±ľÎŢÓŇĆ«
  231   1              {
  232   2                  topid_steer->Kp=1;
  233   2                  topid_steer->Kp_output_val=topid_steer->Kp*topid_steer->err;
  234   2                 if(speedflag == 1)
  235   2                  {
  236   3                    setpoint_left = setpoint_right = NORMAL_SPEED;
  237   3                  }
  238   2                    else if(speedflag == 2)
  239   2                  {
  240   3                    setpoint_left = setpoint_right = CIRCLE_SPEED;
  241   3                  }
  242   2                 
C251 COMPILER V5.60.0,  pidcc                                                              06/10/23  19:39:35  PAGE 5   

  243   2              }
  244   1              else if(0<=topid_steer->err && topid_steer->err<=10)//»ů±ľÎŢ×óĆ«
  245   1              {
  246   2                  topid_steer->Kp=1;
  247   2                  topid_steer->Kp_output_val=topid_steer->Kp*topid_steer->err;
  248   2                 if(speedflag == 1)
  249   2                  {
  250   3                    setpoint_left = setpoint_right = NORMAL_SPEED;
  251   3                  }
  252   2                 else if(speedflag == 2)
  253   2                  {
  254   3                    setpoint_left = setpoint_right = CIRCLE_SPEED;
  255   3                  }
  256   2                 
  257   2              }
  258   1              else if(10<topid_steer->err && topid_steer->err<20)//×óĆ«˝ĎĐˇ
  259   1              {
  260   2                  topid_steer->Kp=2;
  261   2                  topid_steer->Kp_output_val=topid_steer->Kp*topid_steer->err;
  262   2                 if(speedflag == 1)
  263   2                  {
  264   3                    setpoint_right = NORMAL_SPEED-1*topid_steer->err;
  265   3                      setpoint_left = NORMAL_SPEED;
  266   3                  }
  267   2                 else if(speedflag == 2)
  268   2                  {
  269   3                    setpoint_right = CIRCLE_SPEED-1*topid_steer->err;
  270   3                      setpoint_left = CIRCLE_SPEED;
  271   3                  }
  272   2                 else if(speedflag == 5)
  273   2                  {
  274   3                    setpoint_right = STOP_SPEED-1*topid_steer->err;
  275   3                      setpoint_left = STOP_SPEED;
  276   3                  }
  277   2              }
  278   1              else if(20<=topid_steer->err && topid_steer->err<35)//×óĆ«˝Ď´ó
  279   1              {
  280   2                  topid_steer->Kp=6;
  281   2                  topid_steer->Kp_output_val=topid_steer->Kp*topid_steer->err;
  282   2                  if(speedflag == 1)
  283   2                  {
  284   3                    setpoint_right = NORMAL_SPEED-1*topid_steer->err;
  285   3                    setpoint_left = NORMAL_SPEED;
  286   3                  }
  287   2                  else if(speedflag == 2)
  288   2                  {
  289   3                    setpoint_right = CIRCLE_SPEED-1*topid_steer->err;
  290   3                      setpoint_left = CIRCLE_SPEED;
  291   3                  }
  292   2                  else if(speedflag == 5)
  293   2                  {
  294   3                    setpoint_right = STOP_SPEED-1*topid_steer->err;
  295   3                      setpoint_left = STOP_SPEED;
  296   3                  }
  297   2              }else if(35<=topid_steer->err)//×óĆ«ąý´ó
  298   1              {
  299   2                  topid_steer->Kp=5;
  300   2                  topid_steer->Kp_output_val=topid_steer->Kp*topid_steer->err;
  301   2                  if(speedflag == 1)
  302   2                  {
  303   3                    setpoint_right = NORMAL_SPEED-2.5*topid_steer->err;
  304   3                    setpoint_left = NORMAL_SPEED;
  305   3                  }
  306   2                  else if(speedflag == 2)
  307   2                  {
  308   3                    setpoint_right = CIRCLE_SPEED-2*topid_steer->err;
C251 COMPILER V5.60.0,  pidcc                                                              06/10/23  19:39:35  PAGE 6   

  309   3                    setpoint_left = CIRCLE_SPEED;
  310   3                  }else if(speedflag == 5)
  311   2                  {
  312   3                      setpoint_right = STOP_SPEED-1*topid_steer->err;
  313   3                      setpoint_left = STOP_SPEED;
  314   3                  }
  315   2              }
  316   1              
  317   1              
  318   1              if(topid_steer->Kp_output_val<-200)topid_steer->Kp_output_val=-200;//¶ÔKpľőµĂµÄĘäČëÖµ˝řĐĐĎŢ·ů
  319   1              if(topid_steer->Kp_output_val>200)topid_steer->Kp_output_val=200;  //¶ÔKpľőµĂµÄĘäČëÖµ˝řĐĐĎŢ·ů
  320   1              
  321   1              //uart_printf(UART_0,"output = %f\n",dir_P_value);
  322   1              
  323   1              topid_steer->Kd=15;                                              //¸łÖµKd
  324   1              topid_steer->Kd_output_val=topid_steer->Kd*(topid_steer->err-topid_steer->err_last); //ĽĆËăąŘÓÚKd
             -µÄĘäČëÖµ
  325   1                
  326   1              topid_steer->output_val=(int)(topid_steer->Kp_output_val+topid_steer->Kd_output_val);   //KdĘäČëÖ
             -µ+KpĘäČëÖµ  ąąłÉ×îÖŐµÄĘäČëÖµ
  327   1              topid_steer->err_last=topid_steer->err;                               //˝«´Ë´ÎĽĆËăµÄĆ«˛î±Ł´ćµ˝las
             -t_errŔďŁ¬ŇÔ±¸Î˘·ÖµÄÔËËă
  328   1      
  329   1              
  330   1              
  331   1              toipid_speed_left->target_val=(int)setpoint_left;                                                             //´«¸řËŮ¶Č»·
  332   1              toipid_speed_right->target_val= (int)setpoint_right;  
  333   1              
  334   1              PWMSetSteer(1880+topid_steer->output_val);                        //Ęäłö¶ć»ú
  335   1      }
  336          
  337          //ËŮ¶Č»·   ´«ČëÄż±ęËŮ¶Č 
  338          int speedleft_pid_realize(iPID *toipid_left_speed ,int actual_val_left ){
  339   1        int error_left;
  340   1        error_left=toipid_left_speed->target_val-actual_val_left;
  341   1        toipid_left_speed->err=error_left;
  342   1        
  343   1        if(error_left < 0)
  344   1          {
  345   2            toipid_left_speed->Kp = 300;
  346   2          }
  347   1          else
  348   1          {
  349   2            toipid_left_speed->Kp = 100;
  350   2          }
  351   1          
  352   1          
  353   1             //ËŔÇřżŘÖĆ
  354   1              if( (toipid_left_speed->err>-SPE_DEAD_ZONE) && (toipid_left_speed->err<SPE_DEAD_ZONE ) )
  355   1          {
  356   2              toipid_left_speed->err = 0;
  357   2              toipid_left_speed->integral = 0;
  358   2              toipid_left_speed->err_last = 0;
  359   2          }
  360   1      
  361   1      
  362   1              //»ý·Ö·ÖŔë
  363   1          if(toipid_left_speed->err> -LOC_INTEGRAL_START_ERR && toipid_left_speed->err < LOC_INTEGRAL_START_ERR){
  364   2              toipid_left_speed->integral += toipid_left_speed->err;  
  365   2              /*»ý·Ö·¶Î§ĎŢ¶¨Ł¬·ŔÖą»ý·Ö±ĄşÍ*/
  366   2              if(toipid_left_speed->integral > LOC_INTEGRAL_MAX_VAL)
  367   2              {
  368   3                 toipid_left_speed->integral = LOC_INTEGRAL_MAX_VAL;
  369   3              }
  370   2              else if(toipid_left_speed->integral < -LOC_INTEGRAL_MAX_VAL)
  371   2              {
C251 COMPILER V5.60.0,  pidcc                                                              06/10/23  19:39:35  PAGE 7   

  372   3                  toipid_left_speed->integral= -LOC_INTEGRAL_MAX_VAL;
  373   3              }
  374   2            }
  375   1              
  376   1            //ËŮ¶ČĎŢ·ů
  377   1           if(toipid_left_speed->integral>toipid_left_speed->omax)
  378   1            toipid_left_speed->integral=toipid_left_speed->omax;
  379   1          else if(toipid_left_speed->integral<toipid_left_speed->omin)
  380   1            toipid_left_speed->integral=toipid_left_speed->omin;
  381   1          
  382   1          //Ęäłö
  383   1          toipid_left_speed->output_val=toipid_left_speed->Kp*toipid_left_speed->err+toipid_left_speed->Ki*toipid
             -_left_speed->integral+toipid_left_speed->Kd*(toipid_left_speed->err-toipid_left_speed->err_last);
  384   1          toipid_left_speed->err_last= toipid_left_speed->err;
  385   1          return (int)toipid_left_speed->output_val;
  386   1      
  387   1      }
  388          int speedright_pid_realize(iPID *toipid_right_speed,int actual_val_right){
  389   1        int error_right;
  390   1        error_right=toipid_right_speed->target_val-actual_val_right;
  391   1        toipid_right_speed->err=error_right;
  392   1        
  393   1          if(error_right< 0)
  394   1          {
  395   2           toipid_right_speed->Kp = 300;
  396   2          }
  397   1          else
  398   1          {
  399   2           toipid_right_speed->Kp= 100;
  400   2          }
  401   1          
  402   1             //ËŔÇřżŘÖĆ
  403   1              if( (toipid_right_speed->err>-SPE_DEAD_ZONE) && (toipid_right_speed->err<SPE_DEAD_ZONE ) )
  404   1          {
  405   2              toipid_right_speed->err = 0;
  406   2              toipid_right_speed->integral = 0;
  407   2              toipid_right_speed->err_last = 0;
  408   2          }
  409   1      
  410   1      
  411   1              //»ý·Ö·ÖŔë
  412   1            if(toipid_right_speed->err> -LOC_INTEGRAL_START_ERR && toipid_right_speed->err < LOC_INTEGRAL_START_ER
             -R){
  413   2              toipid_right_speed->integral += toipid_right_speed->err;  
  414   2              /*»ý·Ö·¶Î§ĎŢ¶¨Ł¬·ŔÖą»ý·Ö±ĄşÍ*/
  415   2              if(toipid_right_speed->integral > LOC_INTEGRAL_MAX_VAL)
  416   2              {
  417   3                 toipid_right_speed->integral = LOC_INTEGRAL_MAX_VAL;
  418   3              }
  419   2              else if(toipid_right_speed->integral < -LOC_INTEGRAL_MAX_VAL)
  420   2              {
  421   3                  toipid_right_speed->integral= -LOC_INTEGRAL_MAX_VAL;
  422   3              }
  423   2          }
  424   1              
  425   1            //ËŮ¶ČĎŢ·ů
  426   1          if(toipid_right_speed->integral>toipid_right_speed->omax)
  427   1            toipid_right_speed->integral=toipid_right_speed->omax;
  428   1          else if(toipid_right_speed->integral<toipid_right_speed->omin)
  429   1            toipid_right_speed->integral=toipid_right_speed->omin;
  430   1          
  431   1          //Ęäłö
  432   1          toipid_right_speed->output_val=toipid_right_speed->Kp*toipid_right_speed->err+toipid_right_speed->Ki*to
             -ipid_right_speed->integral+toipid_right_speed->Kd*(toipid_right_speed->err-toipid_right_speed->err_last);
  433   1          toipid_right_speed->err_last= toipid_right_speed->err;
  434   1          return (int)toipid_right_speed->output_val;
C251 COMPILER V5.60.0,  pidcc                                                              06/10/23  19:39:35  PAGE 8   

  435   1      }
  436          void  speed_pid(){
  437   1          PWMSetMotor2(speedleft_pid_realize(&ipid_speed_left,ipid_speed_left.input_val),speedright_pid_realize
             -(&ipid_speed_right,ipid_speed_right.input_val));
  438   1      }


Module Information          Static   Overlayable
------------------------------------------------
  code size            =      4345     ------
  ecode size           =    ------     ------
  data size            =    ------     ------
  idata size           =    ------     ------
  pdata size           =    ------     ------
  xdata size           =    ------     ------
  xdata-const size     =    ------     ------
  edata size           =       214     ------
  bit size             =    ------     ------
  ebit size            =    ------     ------
  bitaddressable size  =    ------     ------
  ebitaddressable size =    ------     ------
  far data size        =    ------     ------
  huge data size       =    ------     ------
  const size           =    ------     ------
  hconst size          =        44     ------
End of Module Information.


C251 COMPILATION COMPLETE.  0 WARNING(S),  0 ERROR(S)
