C251 COMPILER V5.60.0,  SEEKFREE_BLUETOOTH_CH9141                                          06/10/23  19:39:33  PAGE 1   


C251 COMPILER V5.60.0, COMPILATION OF MODULE SEEKFREE_BLUETOOTH_CH9141
OBJECT MODULE PLACED IN .\Out_File\SEEKFREE_BLUETOOTH_CH9141.obj
COMPILER INVOKED BY: C:\Program Files\keil-5\C251\BIN\C251.EXE ..\..\Libraries\seekfree_peripheral\SEEKFREE_BLUETOOTH_CH
                    -9141.c XSMALL INTR2 WARNINGLEVEL(3) OPTIMIZE(0,SPEED) BROWSE INCDIR(..\..\Libraries\libraries;..\..\Libraries\seekfree_l
                    -ibraries;..\..\Libraries\seekfree_peripheral;..\CODE;..\USER\inc;..\USER\src) DEBUG PRINT(.\Out_File\SEEKFREE_BLUETOOTH_
                    -CH9141.lst) TABS(2) OBJECT(.\Out_File\SEEKFREE_BLUETOOTH_CH9141.obj) 

stmt  level    source

    1          /********************************************************************************************************
             -*************
    2           * COPYRIGHT NOTICE
    3           * Copyright (c) 2021,ж№ЗЩПЦММ
    4           * All rights reserved.
    5           * ММЪѕЬжТлQQШКЃКвЛШКЃК179029047(вбТњ)  ЖўШКЃК244861897
    6           *
    7           * вдЯТЫљгаФкШнАцШЈОљЪєж№ЗЩПЦММЫљгаЃЌЮДО­дЪаэВЛЕУгУгкЩЬвЕгУЭОЃЌ
    8           * ЛЖг­ИїЮЛЪЙгУВЂДЋВЅБОГЬађЃЌаоИФФкШнЪББиаыБЃСєж№ЗЩПЦММЕФАцШЈЩљУїЁЃ
    9           *
   10           * @file          ж№ЗЩПЦММРЖбРзЊДЎПкФЃПщ
   11           * @company       ГЩЖМж№ЗЩПЦММгаЯоЙЋЫО
   12           * @author        ж№ЗЩПЦММ(QQ3184284598)
   13           * @version       ВщПДdocФкversionЮФМў АцБОЫЕУї
   14           * @Software    MDK FOR C251 V5.60
   15           * @Target core   STC32G12K128
   16           * @Taobao      https://seekfree.taobao.com/
   17           * @date          2021-08-27
   18           * @note    
   19                    НгЯпЖЈвхЃК
   20                    ------------------------------------ 
   21                    РЖбРзЊДЎПк      ЕЅЦЌЛњ                        
   22                    RX              ВщПДSEEKFREE_BLUETOOTH_CH9141.hЮФМўжаЕФBLUETOOTH_CH9141_UART_TXКъЖЈвх
   23                    TX              ВщПДSEEKFREE_BLUETOOTH_CH9141.hЮФМўжаЕФBLUETOOTH_CH9141_UART_RXКъЖЈвх
   24                    RTS             ВщПДSEEKFREE_BLUETOOTH_CH9141.hЮФМўжаЕФBLUETOOTH_CH9141_RTS_PINКъЖЈвх
   25                    CTS             аќПе
   26                    CMD             аќПеЛђепЩЯР­
   27                    ------------------------------------ 
   28           ********************************************************************************************************
             -************/
   29          #include "stdio.h"
   30          #include "string.h"
   31          #include "board.h"
   32          #include "zf_gpio.h"
   33          #include "zf_uart.h"
   34          #include "zf_nvic.h"
   35          #include "zf_delay.h"
   36          #include "zf_fifo.h"
   37          
   38          #include "SEEKFREE_BLUETOOTH_CH9141.h"
   39          
   40          
   41          //uint8 uart_data;
   42          //uint8 uart_flag;
   43          
   44          //vuint8 at_mode = 0;         //0:РЖбРЭИДЋФЃЪН 1:ATФЃЪН 2:ФЃПщИДЮЛжа
   45          //vuint8 at_mode_num;         //atФЃЪНЪБгУгкжИЪОЪ§ОнНгЪеЕФЪ§СП
   46          //vuint8 at_mode_data[30];    //НгЪеatУќСюЕФЛКДц
   47          //vuint8 at_mode_cmd_flag;    //OKгІД№УќСюНгЪеГЩЙІЕФБъжОЮЛ
   48          
   49          //uint8 mac_address[17];      //БОЛњmacЕижЗ
   50          
   51          
   52          //uint8 bluetooth_ch9141_rx_buffer;
   53          
   54          
C251 COMPILER V5.60.0,  SEEKFREE_BLUETOOTH_CH9141                                          06/10/23  19:39:33  PAGE 2   

   55          static  fifo_struct     bluetooth_ch9141_fifo;
   56          static  uint8           bluetooth_ch9141_buffer[BLUETOOTH_CH9141_BUFFER_SIZE];  // Ъ§ОнДцЗХЪ§зщ
   57          
   58          static          uint8   bluetooth_ch9141_data;
   59          
   60          //-------------------------------------------------------------------------------------------------------
             -------------
   61          //  @brief      РЖбРзЊДЎПкФЃПщ ДЎПкжаЖЯЛиЕїКЏЪ§
   62          //  @param      void
   63          //  @return     void
   64          //  Sample usage:
   65          //  @note       ИУКЏЪ§дкISRЮФМў ДЎПкжаЖЯГЬађБЛЕїгУ
   66          //-------------------------------------------------------------------------------------------------------
             -------------
   67          void bluetooth_ch9141_uart_callback (void)
   68          {
   69   1          // ЖСШЁЮоЯпДЎПкЕФЪ§Он ВЂЧвжУЮЛНгЪеБъжО
   70   1          bluetooth_ch9141_data = BLUETOOTH_CH9141_DATA_BUF;
   71   1          fifo_write_buffer(&bluetooth_ch9141_fifo, &bluetooth_ch9141_data, 1);       // ДцШы FIFO
   72   1      }
   73          
   74          //-------------------------------------------------------------------------------------------------------
             -------------
   75          //  @brief      РЖбРзЊДЎПкФЃПщГѕЪМЛЏ
   76          //  @param      mode            РЖбРФЃЪН MASTER_MODE(жїЛњ)ЛђепSLAVE_MODE(ДгЛњ)
   77          // @return      uint8           ГѕЪМЛЏзДЬЌ 0-ГЩЙІ 1-ЪЇАм
   78          //  Sample usage:
   79          //-------------------------------------------------------------------------------------------------------
             -------------
   80          uint8 bluetooth_ch9141_init (void)
   81          {
   82   1          wireless_type = WIRELESS_CH9141;
   83   1          // БОКЏЪ§ЪЙгУЕФВЈЬиТЪЮЊ115200 ЮЊРЖбРзЊДЎПкФЃПщЕФФЌШЯВЈЬиТЪ ШчашЦфЫћВЈЬиТЪЧыЪЙгУЩЯЮЛЛњаоИФФЃПщВЮЪ§
   84   1          fifo_init(&bluetooth_ch9141_fifo, bluetooth_ch9141_buffer, BLUETOOTH_CH9141_BUFFER_SIZE);
   85   1          uart_init(BLUETOOTH_CH9141_INDEX, BLUETOOTH_CH9141_TX_PIN, BLUETOOTH_CH9141_RX_PIN, BLUETOOTH_CH9141_
             -BUAD_RATE, BLUETOOTH_CH9141_TIMER);
   86   1          return 0;
   87   1      }
   88          
   89          
   90          
   91          //-------------------------------------------------------------------------------------------------------
             -------------
   92          //  @brief      ЮоЯпзЊДЎПкФЃПщ ЗЂЫЭКЏЪ§
   93          //  @param      buff            ашвЊЗЂЫЭЕФЪ§ОнЕижЗ
   94          //  @param      len             ЗЂЫЭГЄЖШ
   95          //  @return     uint32          ЪЃгрЮДЗЂЫЭЕФзжНкЪ§
   96          //  Sample usage:
   97          //-------------------------------------------------------------------------------------------------------
             -------------
   98          uint32 bluetooth_ch9141_send_buff (uint8 *buff, uint32 len)
   99          {
  100   1          uint16 time_count = 0;
  101   1          while(len > 30)
  102   1          {
  103   2              time_count = 0;
  104   2              while(BLUETOOTH_CH9141_RTS_PIN && time_count++ < BLUETOOTH_CH9141_TIMEOUT_COUNT)  // ШчЙћRTSЮЊЕЭЕ
             -чЦНЃЌдђМЬајЗЂЫЭЪ§Он
  105   2                  delay_ms(1);
  106   2              if(time_count >= BLUETOOTH_CH9141_TIMEOUT_COUNT)
  107   2                  return len;                                                         // ФЃПщУІ,ШчЙћдЪаэЕБЧАГЬа
             -ђЪЙгУwhileЕШД§ дђПЩвдЪЙгУКѓУцзЂЪЭЕФwhileЕШД§гяОфЬцЛЛБОifгяОф
  108   2              uart_putbuff(BLUETOOTH_CH9141_INDEX, buff, 30);
  109   2      
  110   2              buff += 30;                                                             // ЕижЗЦЋвЦ
  111   2              len -= 30;                                                              // Ъ§СП
C251 COMPILER V5.60.0,  SEEKFREE_BLUETOOTH_CH9141                                          06/10/23  19:39:33  PAGE 3   

  112   2          }
  113   1      
  114   1          time_count = 0;
  115   1          while(BLUETOOTH_CH9141_RTS_PIN && time_count++ < BLUETOOTH_CH9141_TIMEOUT_COUNT)      // ШчЙћRTSЮЊЕЭЕ
             -чЦНЃЌдђМЬајЗЂЫЭЪ§Он
  116   1              delay_ms(1);
  117   1          if(time_count >= BLUETOOTH_CH9141_TIMEOUT_COUNT)
  118   1              return len;                                                             // ФЃПщУІ,ШчЙћдЪаэЕБЧАГЬа
             -ђЪЙгУwhileЕШД§ дђПЩвдЪЙгУКѓУцзЂЪЭЕФwhileЕШД§гяОфЬцЛЛБОifгяОф
  119   1          uart_putbuff(BLUETOOTH_CH9141_INDEX, buff, (uint16)len);                            // ЗЂЫЭзюКѓЕФЪ§Он
  120   1      
  121   1          return 0;
  122   1      }
  123          
  124          //-------------------------------------------------------------------------------------------------------
             -------------
  125          //  @brief      ЮоЯпзЊДЎПкФЃПщ ЖСШЁКЏЪ§
  126          //  @param      buff            ДцДЂЕФЪ§ОнЕижЗ
  127          //  @param      len             ГЄЖШ
  128          //  @return     uint32          ЪЕМЪЖСШЁзжНкЪ§
  129          //  Sample usage:
  130          //-------------------------------------------------------------------------------------------------------
             -------------
  131          uint32 bluetooth_ch9141_read_buff (uint8 *buff, uint32 len)
  132          {
  133   1          uint32 data_len = len;
  134   1          fifo_read_buffer(&bluetooth_ch9141_fifo, buff, &data_len, FIFO_READ_AND_CLEAN);
  135   1          return data_len;
  136   1      }
  137          
  138          
  139          
  140          
  141          
  142          
  143          
  144          


Module Information          Static   Overlayable
------------------------------------------------
  code size            =       336     ------
  ecode size           =    ------     ------
  data size            =    ------     ------
  idata size           =    ------     ------
  pdata size           =    ------     ------
  xdata size           =    ------     ------
  xdata-const size     =    ------     ------
  edata size           =       107     ------
  bit size             =    ------     ------
  ebit size            =    ------     ------
  bitaddressable size  =    ------     ------
  ebitaddressable size =    ------     ------
  far data size        =    ------     ------
  huge data size       =    ------     ------
  const size           =    ------     ------
  hconst size          =    ------     ------
End of Module Information.


C251 COMPILATION COMPLETE.  0 WARNING(S),  0 ERROR(S)
