C251 COMPILER V5.60.0,  zf_pwm                                                             06/10/23  19:39:33  PAGE 1   


C251 COMPILER V5.60.0, COMPILATION OF MODULE zf_pwm
OBJECT MODULE PLACED IN .\Out_File\zf_pwm.obj
COMPILER INVOKED BY: C:\Program Files\keil-5\C251\BIN\C251.EXE ..\..\Libraries\seekfree_libraries\zf_pwm.c XSMALL INTR2 
                    -WARNINGLEVEL(3) OPTIMIZE(0,SPEED) BROWSE INCDIR(..\..\Libraries\libraries;..\..\Libraries\seekfree_libraries;..\..\Libra
                    -ries\seekfree_peripheral;..\CODE;..\USER\inc;..\USER\src) DEBUG PRINT(.\Out_File\zf_pwm.lst) TABS(2) OBJECT(.\Out_File\z
                    -f_pwm.obj) 

stmt  level    source

    1          /********************************************************************************************************
             -*************
    2           * COPYRIGHT NOTICE
    3           * Copyright (c) 2020,ж№ЗЩПЦММ
    4           * All rights reserved.
    5           * ММЪѕЬжТлQQШКЃКвЛШКЃК179029047(вбТњ)  ЖўШКЃК244861897(вбТњ)  Ш§ШКЃК824575535
    6           *
    7           * вдЯТЫљгаФкШнАцШЈОљЪєж№ЗЩПЦММЫљгаЃЌЮДО­дЪаэВЛЕУгУгкЩЬвЕгУЭОЃЌ
    8           * ЛЖг­ИїЮЛЪЙгУВЂДЋВЅБОГЬађЃЌаоИФФкШнЪББиаыБЃСєж№ЗЩПЦММЕФАцШЈЩљУїЁЃ
    9           *
   10           * @file          pwm
   11           * @company       ГЩЖМж№ЗЩПЦММгаЯоЙЋЫО
   12           * @author        ж№ЗЩПЦММ(QQ790875685)
   13           * @version       ВщПДdocФкversionЮФМў АцБОЫЕУї
   14           * @Software    MDK5.27
   15           * @Target core   STC32G12K128
   16           * @Taobao      https://seekfree.taobao.com/
   17           * @date          2020-4-14
   18           ********************************************************************************************************
             -************/
   19          
   20          #include "zf_pwm.h"
   21          #include "board.h"
   22          #include "zf_gpio.h"
   23          #include "zf_uart.h"
   24          #include "stdio.h"
   25          
   26          
   27          //#pragma warning disable = 208
   28          
   29          
   30          //ВЖЛёБШНЯФЃЪНМФДцЦї
   31          const uint32 PWM_CCMR_ADDR[] = {0x7efec8, 0x7efec9, 0x7efeca ,0x7efecb, 
   32                          0x7efee8, 0x7efee9, 0x7efeea, 0x7efeeb};
   33          //ВЖЛёБШНЯЪЙФмМФДцЦї
   34          const uint32 PWM_CCER_ADDR[] = {0x7efecc, 0x7efecd, 
   35                          0x7efeec ,0x7efeed};
   36          //ПижЦМФДцЦї,Ип8ЮЛЕижЗ  ЕЭ8ЮЛЕижЗ + 1МДПЩ
   37          const uint32 PWM_CCR_ADDR[] = {0x7efed5, 0x7efed7, 0x7efed9, 0x7efedb,
   38                           0x7efef5, 0x7efef7, 0x7efef9, 0x7efefb};
   39            
   40                           //ПижЦМФДцЦї,Ип8ЮЛЕижЗ  ЕЭ8ЮЛЕижЗ + 1МДПЩ
   41          const uint32 PWM_ARR_ADDR[] = {0x7efed2,0x7efef2};
   42          
   43          //-------------------------------------------------------------------------------------------------------
             -------------
   44          //  @brief      PWM_gpioГѕЪМЛЏЃЈФкВПЪЙгУгУЛЇЮоашЙиаФЃЉ
   45          //  @param      pwmch       PWMЭЈЕРКХМАв§НХ
   46          //  @return     void
   47          //  Sample usage:           
   48          //-------------------------------------------------------------------------------------------------------
             -------------
   49          void pwm_set_gpio(PWMCH_enum pwmch)
   50          {
   51   1        switch(pwmch)
   52   1        {
C251 COMPILER V5.60.0,  zf_pwm                                                             06/10/23  19:39:33  PAGE 2   

   53   2          case PWMA_CH1P_P10:
   54   2          {
   55   3            gpio_mode(P1_0,GPO_PP);
   56   3            break;
   57   3          }
   58   2          case PWMA_CH1N_P11:
   59   2          {
   60   3            gpio_mode(P1_1,GPO_PP);
   61   3            break;
   62   3          }
   63   2          case PWMA_CH1P_P20:
   64   2          {
   65   3            gpio_mode(P2_0,GPO_PP);
   66   3            break;
   67   3          }
   68   2          case PWMA_CH1N_P21:
   69   2          {
   70   3            gpio_mode(P2_1,GPO_PP);
   71   3            break;
   72   3          }
   73   2          case PWMA_CH1P_P60:
   74   2          {
   75   3            gpio_mode(P6_0,GPO_PP);
   76   3            break;
   77   3          }
   78   2          case PWMA_CH1N_P61:
   79   2          {
   80   3            gpio_mode(P6_1,GPO_PP);
   81   3            break;
   82   3          }
   83   2          
   84   2          case PWMA_CH2P_P12:
   85   2          {
   86   3            gpio_mode(P1_2,GPO_PP);
   87   3            break;
   88   3          }
   89   2          case PWMA_CH2N_P13:
   90   2          {
   91   3            gpio_mode(P1_3,GPO_PP);
   92   3            break;
   93   3          }
   94   2          case PWMA_CH2P_P22:
   95   2          {
   96   3            gpio_mode(P2_2,GPO_PP);
   97   3            break;
   98   3          }
   99   2          case PWMA_CH2N_P23:
  100   2          {
  101   3            gpio_mode(P2_3,GPO_PP);
  102   3            break;
  103   3          }
  104   2          case PWMA_CH2P_P62:
  105   2          {
  106   3            gpio_mode(P6_2,GPO_PP);
  107   3            break;
  108   3          }
  109   2          case PWMA_CH2N_P63:
  110   2          {
  111   3            gpio_mode(P6_3,GPO_PP);
  112   3            break;
  113   3          }
  114   2          
  115   2          case PWMA_CH3P_P14:
  116   2          {
  117   3            gpio_mode(P1_4,GPO_PP);
  118   3            break;
C251 COMPILER V5.60.0,  zf_pwm                                                             06/10/23  19:39:33  PAGE 3   

  119   3          }
  120   2          case PWMA_CH3N_P15:
  121   2          {
  122   3            gpio_mode(P1_5,GPO_PP);
  123   3            break;
  124   3          }
  125   2          case PWMA_CH3P_P24:
  126   2          {
  127   3            gpio_mode(P2_4,GPO_PP);
  128   3            break;
  129   3          }
  130   2          case PWMA_CH3N_P25:
  131   2          {
  132   3            gpio_mode(P2_5,GPO_PP);
  133   3            break;
  134   3          }
  135   2          case PWMA_CH3P_P64:
  136   2          {
  137   3            gpio_mode(P6_4,GPO_PP);
  138   3            break;
  139   3          }
  140   2          case PWMA_CH3N_P65:
  141   2          {
  142   3            gpio_mode(P6_5,GPO_PP);
  143   3            break;
  144   3          }
  145   2          
  146   2          
  147   2          case PWMA_CH4P_P16:
  148   2          {
  149   3            gpio_mode(P1_6,GPO_PP);
  150   3            break;
  151   3          }
  152   2          case PWMA_CH4N_P17:
  153   2          {
  154   3            gpio_mode(P1_7,GPO_PP);
  155   3            break;
  156   3          }
  157   2          case PWMA_CH4P_P26:
  158   2          {
  159   3            gpio_mode(P2_6,GPO_PP);
  160   3            break;
  161   3          }
  162   2          case PWMA_CH4N_P27:
  163   2          {
  164   3            gpio_mode(P2_7,GPO_PP);
  165   3            break;
  166   3          }
  167   2          case PWMA_CH4P_P66:
  168   2          {
  169   3            gpio_mode(P6_6,GPO_PP);
  170   3            break;
  171   3          }
  172   2          case PWMA_CH4N_P67:
  173   2          {
  174   3            gpio_mode(P6_7,GPO_PP);
  175   3            break;
  176   3          }
  177   2          case PWMA_CH4P_P34:
  178   2          {
  179   3            gpio_mode(P3_4,GPO_PP);
  180   3            break;
  181   3          }
  182   2          case PWMA_CH4N_P33:
  183   2          {
  184   3            gpio_mode(P3_3,GPO_PP);
C251 COMPILER V5.60.0,  zf_pwm                                                             06/10/23  19:39:33  PAGE 4   

  185   3            break;
  186   3          }
  187   2          
  188   2          
  189   2          case PWMB_CH1_P20:
  190   2          {
  191   3            gpio_mode(P2_0,GPO_PP);
  192   3            break;
  193   3          }
  194   2          case PWMB_CH1_P17:
  195   2          {
  196   3            gpio_mode(P1_7,GPO_PP);
  197   3            break;
  198   3          }
  199   2          case PWMB_CH1_P00:
  200   2          {
  201   3            gpio_mode(P0_0,GPO_PP);
  202   3            break;
  203   3          }
  204   2          case PWMB_CH1_P74:
  205   2          {
  206   3            gpio_mode(P7_4,GPO_PP);
  207   3            break;
  208   3          }
  209   2          
  210   2          case PWMB_CH2_P21:
  211   2          {
  212   3            gpio_mode(P2_1,GPO_PP);
  213   3            break;
  214   3          }
  215   2          case PWMB_CH2_P54:
  216   2          {
  217   3            gpio_mode(P5_4,GPO_PP);
  218   3            break;
  219   3          }
  220   2          case PWMB_CH2_P01:
  221   2          {
  222   3            gpio_mode(P0_1,GPO_PP);
  223   3            break;
  224   3          }
  225   2          case PWMB_CH2_P75:
  226   2          {
  227   3            gpio_mode(P7_5,GPO_PP);
  228   3            break;
  229   3          }
  230   2      
  231   2          
  232   2          case PWMB_CH3_P22:
  233   2          {
  234   3            gpio_mode(P2_2,GPO_PP);
  235   3            break;
  236   3          }
  237   2          case PWMB_CH3_P33:
  238   2          {
  239   3            gpio_mode(P3_3,GPO_PP);
  240   3            break;
  241   3          }
  242   2          case PWMB_CH3_P02:
  243   2          {
  244   3            gpio_mode(P0_2,GPO_PP);
  245   3            break;
  246   3          }
  247   2          case PWMB_CH3_P76:
  248   2          {
  249   3            gpio_mode(P7_6,GPO_PP);
  250   3            break;
C251 COMPILER V5.60.0,  zf_pwm                                                             06/10/23  19:39:33  PAGE 5   

  251   3          }
  252   2      
  253   2          
  254   2          case PWMB_CH4_P23:
  255   2          {
  256   3            gpio_mode(P2_3,GPO_PP);
  257   3            break;
  258   3          }
  259   2          case PWMB_CH4_P34:
  260   2          {
  261   3            gpio_mode(P3_4,GPO_PP);
  262   3            break;
  263   3          }
  264   2          case PWMB_CH4_P03:
  265   2          {
  266   3            gpio_mode(P0_3,GPO_PP);
  267   3            break;
  268   3          }
  269   2          case PWMB_CH4_P77:
  270   2          {
  271   3            gpio_mode(P7_7,GPO_PP);
  272   3            break;
  273   3          }
  274   2          
  275   2        }
  276   1        
  277   1      }
  278            
  279              
  280          //-------------------------------------------------------------------------------------------------------
             -------------
  281          //  @brief      PWMГѕЪМЛЏ
  282          //  @param      pwmch       PWMЭЈЕРКХМАв§НХ
  283          //  @param      freq        PWMЦЕТЪ(10Hz-3MHz)
  284          //  @param      duty        PWMеМПеБШ
  285          //  @return     void
  286          //  Sample usage:           
  287          //              pwm_init(PWM0_P00, 100, 5000);     //ГѕЪМЛЏPWM0  ЪЙгУв§НХP0.0  ЪфГіPWMЦЕТЪ100HZ   еМПеБШЮЊАйЗжжЎ
             - 5000/PWM_DUTY_MAX*100
  288          //              PWM_DUTY_MAXдкzf_pwm.hЮФМўжа ФЌШЯЮЊ10000
  289          //-------------------------------------------------------------------------------------------------------
             -------------
  290          void pwm_init(PWMCH_enum pwmch,uint32 freq, uint32 duty)
  291          {
  292   1        
  293   1        uint32 match_temp;
  294   1        uint32 period_temp; 
  295   1        uint16 freq_div = 0;
  296   1        
  297   1        
  298   1        P_SW2 |= 0x80;
  299   1        
  300   1        //GPIOашвЊЩшжУЮЊЭЦЭьЪфГі
  301   1        pwm_set_gpio(pwmch);
  302   1      
  303   1      
  304   1        //ЗжЦЕМЦЫуЃЌжмЦкМЦЫуЃЌеМПеБШМЦЫу
  305   1        freq_div = (sys_clk / freq) >> 16;              //ЖрЩйЗжЦЕ
  306   1        period_temp = sys_clk / freq ;      
  307   1        period_temp = period_temp / (freq_div + 1) - 1;       //жмЦк
  308   1      
  309   1        if(duty != PWM_DUTY_MAX)
  310   1        {
  311   2          match_temp = period_temp * ((float)duty / PWM_DUTY_MAX);  // еМПеБШ     
  312   2        }
  313   1        else
C251 COMPILER V5.60.0,  zf_pwm                                                             06/10/23  19:39:33  PAGE 6   

  314   1        {
  315   2          match_temp = period_temp + 1;               // dutyЮЊ100%
  316   2        }
  317   1      
  318   1        
  319   1        if(PWMB_CH1_P20 <= pwmch)       //PWM5-8
  320   1        {
  321   2          //ЭЈЕРбЁдёЃЌв§НХбЁдё
  322   2          PWMB_ENO |= (1 << ((2 * ((pwmch >> 4) - 4))));          //ЪЙФмЭЈЕР  
  323   2          PWMB_PS |= ((pwmch & 0x03) << ((2 * ((pwmch >> 4) - 4))));    //ЪфГіНХбЁдё
  324   2          
  325   2          // ХфжУЭЈЕРЪфГіЪЙФмКЭМЋад 
  326   2          (*(unsigned char volatile far *) (PWM_CCER_ADDR[pwmch>>5])) |= (uint8)(1 << (((pwmch >> 4) & 0x01) * 4)
             -);
  327   2          
  328   2          //ЩшжУдЄЗжЦЕ
  329   2          PWMB_PSCRH = (uint8)(freq_div>>8);
  330   2          PWMB_PSCRL = (uint8)freq_div;
  331   2          
  332   2          PWMB_BKR = 0x80;  //жїЪфГіЪЙФм ЯрЕБгкзмПЊЙи
  333   2          PWMB_CR1 = 0x01;  //PWMПЊЪММЦЪ§
  334   2        }
  335   1        else
  336   1        {
  337   2          PWMA_ENO |= (1 << (pwmch & 0x01)) << ((pwmch >> 4) * 2);  //ЪЙФмЭЈЕР  
  338   2          PWMA_PS  |= ((pwmch & 0x07) >> 1) << ((pwmch >> 4) * 2);    //ЪфГіНХбЁдё
  339   2          
  340   2          // ХфжУЭЈЕРЪфГіЪЙФмКЭМЋад 
  341   2          (*(unsigned char volatile far *) (PWM_CCER_ADDR[pwmch>>5])) |= (1 << ((pwmch & 0x01) * 2 + ((pwmch >> 4
             -) & 0x01) * 0x04));
  342   2      
  343   2          
  344   2          //ЩшжУдЄЗжЦЕ
  345   2          PWMA_PSCRH = (uint8)(freq_div>>8);
  346   2          PWMA_PSCRL = (uint8)freq_div;
  347   2      
  348   2          PWMA_BKR = 0x80;  // жїЪфГіЪЙФм ЯрЕБгкзмПЊЙи
  349   2          PWMA_CR1 = 0x01;  //PWMПЊЪММЦЪ§
  350   2        }
  351   1        
  352   1        //жмЦк
  353   1        (*(unsigned char volatile far *) (PWM_ARR_ADDR[pwmch>>6])) = (uint8)(period_temp>>8);   //Ип8ЮЛ
  354   1        (*(unsigned char volatile far *) (PWM_ARR_ADDR[pwmch>>6] + 1)) = (uint8)period_temp;    //ЕЭ8ЮЛ
  355   1      
  356   1        //ЩшжУВЖЛёжЕ|БШНЯжЕ
  357   1        (*(unsigned char volatile far *) (PWM_CCR_ADDR[pwmch>>4]))    = match_temp>>8;      //Ип8ЮЛ
  358   1        (*(unsigned char volatile far *) (PWM_CCR_ADDR[pwmch>>4] + 1))  = (uint8)match_temp;    //ЕЭ8ЮЛ
  359   1        
  360   1        //ЙІФмЩшжУ
  361   1        (*(unsigned char volatile far *) (PWM_CCMR_ADDR[pwmch>>4])) |= 0x06<<4;   //ЩшжУЮЊPWMФЃЪН1
  362   1        (*(unsigned char volatile far *) (PWM_CCMR_ADDR[pwmch>>4])) |= 1<<3;    //ПЊЦєPWMМФДцЦїЕФдЄзАдиЙІ
  363   1        
  364   1      
  365   1      //  P_SW2 &= 0x7F;
  366   1      
  367   1      }
  368          
  369          //-------------------------------------------------------------------------------------------------------
             -------------
  370          //  @brief      PWMеМПеБШЩшжУ
  371          //  @param      pwmch       PWMЭЈЕРКХМАв§НХ
  372          //  @param      duty        PWMеМПеБШ
  373          //  @return     void
  374          //  Sample usage:           pwm_duty(PWM0_P00, 5000);     //ГѕЪМЛЏPWM0  ЪЙгУв§НХP0.0  ЪфГіPWMЦЕТЪ50HZ   е
             -МПеБШЮЊАйЗжжЎ 5000/PWM_DUTY_MAX*100
  375          //              PWM_DUTY_MAXдкfsl_pwm.hЮФМўжа ФЌШЯЮЊ10000
C251 COMPILER V5.60.0,  zf_pwm                                                             06/10/23  19:39:33  PAGE 7   

  376          //-------------------------------------------------------------------------------------------------------
             -------------
  377          void pwm_duty(PWMCH_enum pwmch, uint32 duty)
  378          {
  379   1        uint32 match_temp;
  380   1        uint32 arr = ((*(unsigned char volatile far *) (PWM_ARR_ADDR[pwmch>>6]))<<8) | (*(unsigned char volatile
             - far *) (PWM_ARR_ADDR[pwmch>>6] + 1 ));
  381   1      
  382   1      //  P_SW2 |= 0x80;
  383   1      
  384   1        if(duty != PWM_DUTY_MAX)
  385   1        {
  386   2          match_temp = arr * ((float)duty/PWM_DUTY_MAX);        //еМПеБШ
  387   2        }
  388   1        else
  389   1        {
  390   2          match_temp = arr + 1;
  391   2        }
  392   1        
  393   1                    
  394   1        
  395   1        //ЩшжУВЖЛёжЕ|БШНЯжЕ
  396   1        (*(unsigned char volatile far *) (PWM_CCR_ADDR[pwmch>>4]))    = match_temp>>8;      //Ип8ЮЛ
  397   1        (*(unsigned char volatile far *) (PWM_CCR_ADDR[pwmch>>4] + 1))  = (uint8)match_temp;    //ЕЭ8ЮЛ
  398   1      
  399   1      //  P_SW2 &= ~0x80;
  400   1        
  401   1      }
  402          
  403          
  404          //-------------------------------------------------------------------------------------------------------
             -------------
  405          //  @brief      PWMЦЕТЪЩшжУ
  406          //  @param      pwmch       PWMЭЈЕРКХМАв§НХ
  407          //  @param      freq        PWMЦЕТЪ(10Hz-3MHz)
  408          //  @param      duty        PWMеМПеБШ
  409          //  @return     void
  410          //  Sample usage:           pwm_freq(PWM0_P00, 50, 5000);     //аоИФЛЏPWM0  ЪЙгУв§НХP0.0  ЪфГіPWMЦЕТЪ50HZ
             -   еМПеБШЮЊАйЗжжЎ 5000/PWM_DUTY_MAX*100
  411          //-------------------------------------------------------------------------------------------------------
             -------------
  412          void pwm_freq(PWMCH_enum pwmch, uint32 freq, uint32 duty)
  413          {
  414   1        uint32 match_temp;
  415   1          uint32 period_temp; 
  416   1        uint16 freq_div = 0;
  417   1      
  418   1        
  419   1      
  420   1        //ЗжЦЕМЦЫуЃЌжмЦкМЦЫуЃЌеМПеБШМЦЫу
  421   1        freq_div = (sys_clk / freq) >> 16;                // ЖрЩйЗжЦЕ
  422   1        period_temp = sys_clk / freq;     
  423   1        period_temp = period_temp / (freq_div + 1) - 1;         // жмЦк
  424   1        
  425   1        if(duty != PWM_DUTY_MAX)
  426   1        {
  427   2          match_temp = period_temp * ((float)duty / PWM_DUTY_MAX);  // еМПеБШ     
  428   2        }
  429   1        else
  430   1        {
  431   2          match_temp = period_temp + 1;               // dutyЮЊ100%
  432   2        }
  433   1        
  434   1        
  435   1        
  436   1        
C251 COMPILER V5.60.0,  zf_pwm                                                             06/10/23  19:39:33  PAGE 8   

  437   1      //  P_SW2 |= 0x80;
  438   1        
  439   1        if(PWMB_CH1_P20 <= pwmch)       //PWM5-8
  440   1        {
  441   2          //ЩшжУдЄЗжЦЕ
  442   2          PWMB_PSCRH = (uint8)(freq_div>>8);
  443   2          PWMB_PSCRL = (uint8)freq_div;
  444   2        }
  445   1        else
  446   1        {
  447   2          //ЩшжУдЄЗжЦЕ
  448   2          PWMA_PSCRH = (uint8)(freq_div>>8);
  449   2          PWMA_PSCRL = (uint8)freq_div;
  450   2        }
  451   1        
  452   1        //жмЦк
  453   1        (*(unsigned char volatile far *) (PWM_ARR_ADDR[pwmch>>6])) = (uint8)(period_temp>>8);   //Ип8ЮЛ
  454   1        (*(unsigned char volatile far *) (PWM_ARR_ADDR[pwmch>>6] + 1)) = (uint8)period_temp;    //ЕЭ8ЮЛ
  455   1        
  456   1          //ЩшжУВЖЛёжЕ|БШНЯжЕ
  457   1        (*(unsigned char volatile far *) (PWM_CCR_ADDR[pwmch>>4]))    = match_temp>>8;      //Ип8ЮЛ
  458   1        (*(unsigned char volatile far *) (PWM_CCR_ADDR[pwmch>>4] + 1))  = (uint8)match_temp;    //ЕЭ8ЮЛ
  459   1        
  460   1      //  P_SW2 &= ~0x80;
  461   1      }
  462          
  463          


Module Information          Static   Overlayable
------------------------------------------------
  code size            =      2645     ------
  ecode size           =    ------     ------
  data size            =    ------     ------
  idata size           =    ------     ------
  pdata size           =    ------     ------
  xdata size           =    ------     ------
  xdata-const size     =    ------     ------
  edata size           =        56     ------
  bit size             =    ------     ------
  ebit size            =    ------     ------
  bitaddressable size  =    ------     ------
  ebitaddressable size =    ------     ------
  far data size        =    ------     ------
  huge data size       =    ------     ------
  const size           =    ------     ------
  hconst size          =        88     ------
End of Module Information.


C251 COMPILATION COMPLETE.  0 WARNING(S),  0 ERROR(S)
